  ConfigurationType : DynamicLibrary
  Configuration     : DebugDLL
  PlatformToolset   : v140
  TargetPath        : U:\IKKY\SOURCES_MASTIC_Demo_Dec_2017\czmq\builds\msvc\vs2015\libczmq\..\..\..\..\bin\Win32\Debug\v140\dynamic\libczmq.dll
  Will copy U:\IKKY\SOURCES_MASTIC_Demo_Dec_2017\czmq\builds\msvc\vs2015\libczmq\..\..\platform.h -> U:\IKKY\SOURCES_MASTIC_Demo_Dec_2017\czmq\builds\msvc\vs2015\libczmq\..\..\..\..\include\platform.h
  Linkage-libzmq: dynamic
          1 fichier(s) copié(s).
  zactor.c
  zargs.c
  zarmour.c
  zcert.c
  zcertstore.c
  zchunk.c
  zclock.c
  zconfig.c
  zdigest.c
  zdir.c
  zdir_patch.c
  zfile.c
  zframe.c
  zhash.c
  zhashx.c
  ziflist.c
  zlist.c
  zlistx.c
  zloop.c
  zmsg.c
  zpoller.c
  zproc.c
  zsock.c
  zstr.c
  zsys.c
  ztimerset.c
  ztrie.c
  zuuid.c
  zauth.c
  zbeacon.c
  zgossip.c
  zmonitor.c
  zproxy.c
  zrex.c
  zgossip_msg.c
     Création de la bibliothèque U:\IKKY\SOURCES_MASTIC_Demo_Dec_2017\czmq\builds\msvc\vs2015\libczmq\..\..\..\..\bin\Win32\Debug\v140\dynamic\libczmq.lib et de l'objet U:\IKKY\SOURCES_MASTIC_Demo_Dec_2017\czmq\builds\msvc\vs2015\libczmq\..\..\..\..\bin\Win32\Debug\v140\dynamic\libczmq.exp
  libczmq.vcxproj -> U:\IKKY\SOURCES_MASTIC_Demo_Dec_2017\czmq\builds\msvc\vs2015\libczmq\..\..\..\..\bin\Win32\Debug\v140\dynamic\libczmq.dll
  Copying libzmq.dll -> U:\IKKY\SOURCES_MASTIC_Demo_Dec_2017\czmq\bin\Win32\Debug\v140\dynamic\libzmq.dll
  Copying libzmq.pdb -> U:\IKKY\SOURCES_MASTIC_Demo_Dec_2017\czmq\bin\Win32\Debug\v140\dynamic\libzmq.pdb
