  ConfigurationType : DynamicLibrary
  Configuration     : DebugDLL
  PlatformToolset   : v140
  TargetPath        : D:\DEVELOPPEMENT\compile\zyre\builds\msvc\vs2015\libzyre\..\..\..\..\bin\Win32\Debug\v140\dynamic\libzyre.dll
  Will copy D:\DEVELOPPEMENT\compile\zyre\builds\msvc\vs2015\libzyre\..\..\platform.h -> D:\DEVELOPPEMENT\compile\zyre\builds\msvc\vs2015\libzyre\..\..\..\..\include\platform.h
  Linkage-libzmq: dynamic
  Linkage-czmq: dynamic
          1 fichier(s) copié(s).
  zyre.c
  zyre_event.c
  zre_msg.c
  zyre_peer.c
..\..\..\..\src\zyre_peer.c(156): warning C4244: 'argument' : conversion de 'uint64_t' en 'int', perte possible de données
  zyre_group.c
  zyre_node.c
     Création de la bibliothèque D:\DEVELOPPEMENT\compile\zyre\builds\msvc\vs2015\libzyre\..\..\..\..\bin\Win32\Debug\v140\dynamic\libzyre.lib et de l'objet D:\DEVELOPPEMENT\compile\zyre\builds\msvc\vs2015\libzyre\..\..\..\..\bin\Win32\Debug\v140\dynamic\libzyre.exp
  libzyre.vcxproj -> D:\DEVELOPPEMENT\compile\zyre\builds\msvc\vs2015\libzyre\..\..\..\..\bin\Win32\Debug\v140\dynamic\libzyre.dll
  libzyre.vcxproj -> D:\DEVELOPPEMENT\compile\zyre\builds\msvc\vs2015\libzyre\..\..\..\..\bin\Win32\Debug\v140\dynamic\libzyre.pdb (Full PDB)
  Copying libzmq.dll -> D:\DEVELOPPEMENT\compile\zyre\bin\Win32\Debug\v140\dynamic\libzmq.dll
  Copying libzmq.pdb -> D:\DEVELOPPEMENT\compile\zyre\bin\Win32\Debug\v140\dynamic\libzmq.pdb
  Copying libczmq.dll -> D:\DEVELOPPEMENT\compile\zyre\bin\Win32\Debug\v140\dynamic\libczmq.dll
  Copying libczmq.pdb -> D:\DEVELOPPEMENT\compile\zyre\bin\Win32\Debug\v140\dynamic\libczmq.pdb
